  ModulePhysics3D.cpp
c:\users\victorjp3\documents\github\game-engine\modulephysics3d.cpp(27): warning C4150: eliminación de puntero a tipo 'DebugDrawer' incompleto; no se ha llamado a un destructor
  c:\users\victorjp3\documents\github\game-engine\modulephysics3d.h(11): note: vea la declaración de 'DebugDrawer'
c:\users\victorjp3\documents\github\game-engine\modulephysics3d.cpp(44): error C2065: 'world': identificador no declarado
c:\users\victorjp3\documents\github\game-engine\modulephysics3d.cpp(44): error C2061: error de sintaxis: identificador 'btDiscreteDynamicsWorld'
c:\users\victorjp3\documents\github\game-engine\modulephysics3d.cpp(45): error C2065: 'world': identificador no declarado
c:\users\victorjp3\documents\github\game-engine\modulephysics3d.cpp(46): error C2065: 'world': identificador no declarado
c:\users\victorjp3\documents\github\game-engine\modulephysics3d.cpp(46): error C3861: 'btVector3': no se encontró el identificador
c:\users\victorjp3\documents\github\game-engine\modulephysics3d.cpp(47): error C2065: 'vehicle_raycaster': identificador no declarado
c:\users\victorjp3\documents\github\game-engine\modulephysics3d.cpp(47): error C2061: error de sintaxis: identificador 'btDefaultVehicleRaycaster'
c:\users\victorjp3\documents\github\game-engine\modulephysics3d.cpp(51): error C2065: 'btCollisionShape': identificador no declarado
c:\users\victorjp3\documents\github\game-engine\modulephysics3d.cpp(51): error C2065: 'colShape': identificador no declarado
c:\users\victorjp3\documents\github\game-engine\modulephysics3d.cpp(51): error C2061: error de sintaxis: identificador 'btStaticPlaneShape'
c:\users\victorjp3\documents\github\game-engine\modulephysics3d.cpp(53): error C2065: 'btDefaultMotionState': identificador no declarado
c:\users\victorjp3\documents\github\game-engine\modulephysics3d.cpp(53): error C2065: 'myMotionState': identificador no declarado
c:\users\victorjp3\documents\github\game-engine\modulephysics3d.cpp(53): error C2061: error de sintaxis: identificador 'btDefaultMotionState'
c:\users\victorjp3\documents\github\game-engine\modulephysics3d.cpp(54): error C2027: uso del tipo 'btRigidBody' sin definir
  c:\users\victorjp3\documents\github\game-engine\physbody3d.h(6): note: vea la declaración de 'btRigidBody'
c:\users\victorjp3\documents\github\game-engine\modulephysics3d.cpp(54): error C2065: 'btRigidBodyConstructionInfo': identificador no declarado
c:\users\victorjp3\documents\github\game-engine\modulephysics3d.cpp(56): error C2065: 'rbInfo': identificador no declarado
c:\users\victorjp3\documents\github\game-engine\modulephysics3d.cpp(56): error C2027: uso del tipo 'btRigidBody' sin definir
  c:\users\victorjp3\documents\github\game-engine\physbody3d.h(6): note: vea la declaración de 'btRigidBody'
c:\users\victorjp3\documents\github\game-engine\modulephysics3d.cpp(57): error C2065: 'world': identificador no declarado
c:\users\victorjp3\documents\github\game-engine\modulephysics3d.cpp(66): error C2065: 'world': identificador no declarado
c:\users\victorjp3\documents\github\game-engine\modulephysics3d.cpp(68): error C2065: 'world': identificador no declarado
c:\users\victorjp3\documents\github\game-engine\modulephysics3d.cpp(71): error C2065: 'btPersistentManifold': identificador no declarado
c:\users\victorjp3\documents\github\game-engine\modulephysics3d.cpp(71): error C2065: 'contactManifold': identificador no declarado
c:\users\victorjp3\documents\github\game-engine\modulephysics3d.cpp(71): error C2065: 'world': identificador no declarado
c:\users\victorjp3\documents\github\game-engine\modulephysics3d.cpp(72): error C2065: 'btCollisionObject': identificador no declarado
c:\users\victorjp3\documents\github\game-engine\modulephysics3d.cpp(72): error C2065: 'obA': identificador no declarado
c:\users\victorjp3\documents\github\game-engine\modulephysics3d.cpp(72): error C2059: error de sintaxis: ')'
c:\users\victorjp3\documents\github\game-engine\modulephysics3d.cpp(73): error C2065: 'btCollisionObject': identificador no declarado
c:\users\victorjp3\documents\github\game-engine\modulephysics3d.cpp(73): error C2065: 'obB': identificador no declarado
c:\users\victorjp3\documents\github\game-engine\modulephysics3d.cpp(73): error C2059: error de sintaxis: ')'
c:\users\victorjp3\documents\github\game-engine\modulephysics3d.cpp(75): error C2065: 'contactManifold': identificador no declarado
c:\users\victorjp3\documents\github\game-engine\modulephysics3d.cpp(78): error C2065: 'obA': identificador no declarado
c:\users\victorjp3\documents\github\game-engine\modulephysics3d.cpp(79): error C2065: 'obB': identificador no declarado
c:\users\victorjp3\documents\github\game-engine\modulephysics3d.cpp(111): error C2065: 'world': identificador no declarado
c:\users\victorjp3\documents\github\game-engine\modulephysics3d.cpp(145): error C2065: 'world': identificador no declarado
c:\users\victorjp3\documents\github\game-engine\modulephysics3d.cpp(147): error C2065: 'btCollisionObject': identificador no declarado
c:\users\victorjp3\documents\github\game-engine\modulephysics3d.cpp(147): error C2065: 'obj': identificador no declarado
c:\users\victorjp3\documents\github\game-engine\modulephysics3d.cpp(147): error C2065: 'world': identificador no declarado
c:\users\victorjp3\documents\github\game-engine\modulephysics3d.cpp(148): error C2065: 'world': identificador no declarado
c:\users\victorjp3\documents\github\game-engine\modulephysics3d.cpp(148): error C2065: 'obj': identificador no declarado
c:\users\victorjp3\documents\github\game-engine\modulephysics3d.cpp(151): error C2065: 'btTypedConstraint': identificador no declarado
c:\users\victorjp3\documents\github\game-engine\modulephysics3d.cpp(151): error C2059: error de sintaxis: '>'
c:\users\victorjp3\documents\github\game-engine\modulephysics3d.cpp(151): error C2065: 'constraints': identificador no declarado
c:\users\victorjp3\documents\github\game-engine\modulephysics3d.cpp(153): error C2065: 'world': identificador no declarado
c:\users\victorjp3\documents\github\game-engine\modulephysics3d.cpp(157): error C2065: 'constraints': identificador no declarado
c:\users\victorjp3\documents\github\game-engine\modulephysics3d.cpp(159): error C2065: 'btDefaultMotionState': identificador no declarado
c:\users\victorjp3\documents\github\game-engine\modulephysics3d.cpp(159): error C2059: error de sintaxis: '>'
c:\users\victorjp3\documents\github\game-engine\modulephysics3d.cpp(159): error C2065: 'motions': identificador no declarado
c:\users\victorjp3\documents\github\game-engine\modulephysics3d.cpp(162): error C2065: 'motions': identificador no declarado
c:\users\victorjp3\documents\github\game-engine\modulephysics3d.cpp(164): error C2065: 'btCollisionShape': identificador no declarado
c:\users\victorjp3\documents\github\game-engine\modulephysics3d.cpp(164): error C2059: error de sintaxis: '>'
c:\users\victorjp3\documents\github\game-engine\modulephysics3d.cpp(164): error C2065: 'shapes': identificador no declarado
c:\users\victorjp3\documents\github\game-engine\modulephysics3d.cpp(167): error C2065: 'shapes': identificador no declarado
c:\users\victorjp3\documents\github\game-engine\modulephysics3d.cpp(179): error C2065: 'vehicle_raycaster': identificador no declarado
c:\users\victorjp3\documents\github\game-engine\modulephysics3d.cpp(179): error C2541: 'delete': no se pueden eliminar objetos que no sean punteros
c:\users\victorjp3\documents\github\game-engine\modulephysics3d.cpp(180): error C2065: 'world': identificador no declarado
c:\users\victorjp3\documents\github\game-engine\modulephysics3d.cpp(180): error C2541: 'delete': no se pueden eliminar objetos que no sean punteros
c:\users\victorjp3\documents\github\game-engine\modulephysics3d.cpp(188): error C2065: 'btCollisionShape': identificador no declarado
c:\users\victorjp3\documents\github\game-engine\modulephysics3d.cpp(188): error C2065: 'colShape': identificador no declarado
c:\users\victorjp3\documents\github\game-engine\modulephysics3d.cpp(188): error C2061: error de sintaxis: identificador 'btSphereShape'
c:\users\victorjp3\documents\github\game-engine\modulephysics3d.cpp(189): error C2065: 'shapes': identificador no declarado
c:\users\victorjp3\documents\github\game-engine\modulephysics3d.cpp(189): error C2065: 'colShape': identificador no declarado
c:\users\victorjp3\documents\github\game-engine\modulephysics3d.cpp(191): error C2065: 'btTransform': identificador no declarado
c:\users\victorjp3\documents\github\game-engine\modulephysics3d.cpp(191): error C2146: error de sintaxis: falta ';' delante del identificador 'startTransform'
c:\users\victorjp3\documents\github\game-engine\modulephysics3d.cpp(191): error C2065: 'startTransform': identificador no declarado
c:\users\victorjp3\documents\github\game-engine\modulephysics3d.cpp(192): error C2065: 'startTransform': identificador no declarado
c:\users\victorjp3\documents\github\game-engine\modulephysics3d.cpp(194): error C2065: 'btVector3': identificador no declarado
c:\users\victorjp3\documents\github\game-engine\modulephysics3d.cpp(194): error C2146: error de sintaxis: falta ';' delante del identificador 'localInertia'
c:\users\victorjp3\documents\github\game-engine\modulephysics3d.cpp(194): error C3861: 'localInertia': no se encontró el identificador
c:\users\victorjp3\documents\github\game-engine\modulephysics3d.cpp(196): error C2065: 'colShape': identificador no declarado
c:\users\victorjp3\documents\github\game-engine\modulephysics3d.cpp(196): error C2065: 'localInertia': identificador no declarado
c:\users\victorjp3\documents\github\game-engine\modulephysics3d.cpp(198): error C2065: 'btDefaultMotionState': identificador no declarado
c:\users\victorjp3\documents\github\game-engine\modulephysics3d.cpp(198): error C2065: 'myMotionState': identificador no declarado
c:\users\victorjp3\documents\github\game-engine\modulephysics3d.cpp(198): error C2061: error de sintaxis: identificador 'btDefaultMotionState'
c:\users\victorjp3\documents\github\game-engine\modulephysics3d.cpp(199): error C2065: 'motions': identificador no declarado
c:\users\victorjp3\documents\github\game-engine\modulephysics3d.cpp(199): error C2065: 'myMotionState': identificador no declarado
c:\users\victorjp3\documents\github\game-engine\modulephysics3d.cpp(200): error C2027: uso del tipo 'btRigidBody' sin definir
  c:\users\victorjp3\documents\github\game-engine\physbody3d.h(6): note: vea la declaración de 'btRigidBody'
c:\users\victorjp3\documents\github\game-engine\modulephysics3d.cpp(200): error C2065: 'btRigidBodyConstructionInfo': identificador no declarado
c:\users\victorjp3\documents\github\game-engine\modulephysics3d.cpp(200): error C2146: error de sintaxis: falta ';' delante del identificador 'rbInfo'
c:\users\victorjp3\documents\github\game-engine\modulephysics3d.cpp(200): error C2065: 'myMotionState': identificador no declarado
c:\users\victorjp3\documents\github\game-engine\modulephysics3d.cpp(200): error C2065: 'colShape': identificador no declarado
c:\users\victorjp3\documents\github\game-engine\modulephysics3d.cpp(200): error C2065: 'localInertia': identificador no declarado
c:\users\victorjp3\documents\github\game-engine\modulephysics3d.cpp(200): error C3861: 'rbInfo': no se encontró el identificador
c:\users\victorjp3\documents\github\game-engine\modulephysics3d.cpp(202): error C2065: 'rbInfo': identificador no declarado
c:\users\victorjp3\documents\github\game-engine\modulephysics3d.cpp(202): error C2027: uso del tipo 'btRigidBody' sin definir
  c:\users\victorjp3\documents\github\game-engine\physbody3d.h(6): note: vea la declaración de 'btRigidBody'
c:\users\victorjp3\documents\github\game-engine\modulephysics3d.cpp(205): error C2027: uso del tipo 'btRigidBody' sin definir
  c:\users\victorjp3\documents\github\game-engine\physbody3d.h(6): note: vea la declaración de 'btRigidBody'
c:\users\victorjp3\documents\github\game-engine\modulephysics3d.cpp(206): error C2065: 'world': identificador no declarado
c:\users\victorjp3\documents\github\game-engine\modulephysics3d.cpp(216): error C2065: 'btCollisionShape': identificador no declarado
c:\users\victorjp3\documents\github\game-engine\modulephysics3d.cpp(216): error C2065: 'colShape': identificador no declarado
c:\users\victorjp3\documents\github\game-engine\modulephysics3d.cpp(216): error C2061: error de sintaxis: identificador 'btBoxShape'
c:\users\victorjp3\documents\github\game-engine\modulephysics3d.cpp(217): error C2065: 'shapes': identificador no declarado
c:\users\victorjp3\documents\github\game-engine\modulephysics3d.cpp(217): error C2065: 'colShape': identificador no declarado
c:\users\victorjp3\documents\github\game-engine\modulephysics3d.cpp(219): error C2065: 'btTransform': identificador no declarado
c:\users\victorjp3\documents\github\game-engine\modulephysics3d.cpp(219): error C2146: error de sintaxis: falta ';' delante del identificador 'startTransform'
c:\users\victorjp3\documents\github\game-engine\modulephysics3d.cpp(219): error C2065: 'startTransform': identificador no declarado
c:\users\victorjp3\documents\github\game-engine\modulephysics3d.cpp(220): error C2065: 'startTransform': identificador no declarado
c:\users\victorjp3\documents\github\game-engine\modulephysics3d.cpp(222): error C2065: 'btVector3': identificador no declarado
c:\users\victorjp3\documents\github\game-engine\modulephysics3d.cpp(222): error C2146: error de sintaxis: falta ';' delante del identificador 'localInertia'
c:\users\victorjp3\documents\github\game-engine\modulephysics3d.cpp(222): error C3861: 'localInertia': no se encontró el identificador
c:\users\victorjp3\documents\github\game-engine\modulephysics3d.cpp(224): error C2065: 'colShape': identificador no declarado
c:\users\victorjp3\documents\github\game-engine\modulephysics3d.cpp(224): error C2065: 'localInertia': identificador no declarado
c:\users\victorjp3\documents\github\game-engine\modulephysics3d.cpp(226): error C2065: 'btDefaultMotionState': identificador no declarado
c:\users\victorjp3\documents\github\game-engine\modulephysics3d.cpp(226): fatal error C1003: el recuento de errores supera 100; se detiene la compilación
  PhysVehicle3D.cpp
c:\users\victorjp3\documents\github\game-engine\physvehicle3d.cpp(3): fatal error C1083: No se puede abrir el archivo incluir: 'Bullet/include/btBulletDynamicsCommon.h': No such file or directory
  Generando código...
